c:\users\kormakurbreki\documents\nvse plugin\blank_proj -combined\common\release vc9\vc120.pdb
c:\users\kormakurbreki\documents\nvse plugin\blank_proj -combined\common\release vc9\idynamiccreate.obj
c:\users\kormakurbreki\documents\nvse plugin\blank_proj -combined\common\release vc9\iconsole.obj
c:\users\kormakurbreki\documents\nvse plugin\blank_proj -combined\common\release vc9\itypes.obj
c:\users\kormakurbreki\documents\nvse plugin\blank_proj -combined\common\release vc9\itextparser.obj
c:\users\kormakurbreki\documents\nvse plugin\blank_proj -combined\common\release vc9\isingleton.obj
c:\users\kormakurbreki\documents\nvse plugin\blank_proj -combined\common\release vc9\irangemap.obj
c:\users\kormakurbreki\documents\nvse plugin\blank_proj -combined\common\release vc9\ififo.obj
c:\users\kormakurbreki\documents\nvse plugin\blank_proj -combined\common\release vc9\idatabase.obj
c:\users\kormakurbreki\documents\nvse plugin\blank_proj -combined\common\release vc9\iarchive.obj
c:\users\kormakurbreki\documents\nvse plugin\blank_proj -combined\common\release vc9\ithread.obj
c:\users\kormakurbreki\documents\nvse plugin\blank_proj -combined\common\release vc9\ireadwritelock.obj
c:\users\kormakurbreki\documents\nvse plugin\blank_proj -combined\common\release vc9\imutex.obj
c:\users\kormakurbreki\documents\nvse plugin\blank_proj -combined\common\release vc9\iinterlockedlong.obj
c:\users\kormakurbreki\documents\nvse plugin\blank_proj -combined\common\release vc9\ievent.obj
c:\users\kormakurbreki\documents\nvse plugin\blank_proj -combined\common\release vc9\ierrors.obj
c:\users\kormakurbreki\documents\nvse plugin\blank_proj -combined\common\release vc9\idebuglog.obj
c:\users\kormakurbreki\documents\nvse plugin\blank_proj -combined\common\release vc9\isegmentstream.obj
c:\users\kormakurbreki\documents\nvse plugin\blank_proj -combined\common\release vc9\ifilestream.obj
c:\users\kormakurbreki\documents\nvse plugin\blank_proj -combined\common\release vc9\idatastream.obj
c:\users\kormakurbreki\documents\nvse plugin\blank_proj -combined\common\release vc9\ibufferstream.obj
c:\users\kormakurbreki\documents\nvse plugin\blank_proj -combined\common\release vc9\iprefix.obj
c:\users\kormakurbreki\documents\nvse plugin\blank_proj -combined\common\release vc9\idirectoryiterator.obj
c:\users\kormakurbreki\documents\nvse plugin\blank_proj -combined\common\release vc9\ipipeserver.obj
c:\users\kormakurbreki\documents\nvse plugin\blank_proj -combined\common\release vc9\ipipeclient.obj
c:\users\kormakurbreki\documents\nvse plugin\blank_proj -combined\common\release vc9\iobjectpool.obj
c:\users\kormakurbreki\documents\nvse plugin\blank_proj -combined\common\release vc9\imempool.obj
c:\users\kormakurbreki\documents\nvse plugin\blank_proj -combined\common\release vc9\itimer.obj
c:\users\kormakurbreki\documents\nvse plugin\blank_proj -combined - copy - copy\common\release vc9\vc120.pdb
c:\users\kormakurbreki\documents\nvse plugin\blank_proj -combined - copy - copy\common\release vc9\idynamiccreate.obj
c:\users\kormakurbreki\documents\nvse plugin\blank_proj -combined - copy - copy\common\release vc9\iconsole.obj
c:\users\kormakurbreki\documents\nvse plugin\blank_proj -combined - copy - copy\common\release vc9\itypes.obj
c:\users\kormakurbreki\documents\nvse plugin\blank_proj -combined - copy - copy\common\release vc9\itextparser.obj
c:\users\kormakurbreki\documents\nvse plugin\blank_proj -combined - copy - copy\common\release vc9\isingleton.obj
c:\users\kormakurbreki\documents\nvse plugin\blank_proj -combined - copy - copy\common\release vc9\irangemap.obj
c:\users\kormakurbreki\documents\nvse plugin\blank_proj -combined - copy - copy\common\release vc9\ififo.obj
c:\users\kormakurbreki\documents\nvse plugin\blank_proj -combined - copy - copy\common\release vc9\idatabase.obj
c:\users\kormakurbreki\documents\nvse plugin\blank_proj -combined - copy - copy\common\release vc9\iarchive.obj
c:\users\kormakurbreki\documents\nvse plugin\blank_proj -combined - copy - copy\common\release vc9\ithread.obj
c:\users\kormakurbreki\documents\nvse plugin\blank_proj -combined - copy - copy\common\release vc9\ireadwritelock.obj
c:\users\kormakurbreki\documents\nvse plugin\blank_proj -combined - copy - copy\common\release vc9\imutex.obj
c:\users\kormakurbreki\documents\nvse plugin\blank_proj -combined - copy - copy\common\release vc9\iinterlockedlong.obj
c:\users\kormakurbreki\documents\nvse plugin\blank_proj -combined - copy - copy\common\release vc9\ievent.obj
c:\users\kormakurbreki\documents\nvse plugin\blank_proj -combined - copy - copy\common\release vc9\ierrors.obj
c:\users\kormakurbreki\documents\nvse plugin\blank_proj -combined - copy - copy\common\release vc9\idebuglog.obj
c:\users\kormakurbreki\documents\nvse plugin\blank_proj -combined - copy - copy\common\release vc9\isegmentstream.obj
c:\users\kormakurbreki\documents\nvse plugin\blank_proj -combined - copy - copy\common\release vc9\ifilestream.obj
c:\users\kormakurbreki\documents\nvse plugin\blank_proj -combined - copy - copy\common\release vc9\idatastream.obj
c:\users\kormakurbreki\documents\nvse plugin\blank_proj -combined - copy - copy\common\release vc9\ibufferstream.obj
c:\users\kormakurbreki\documents\nvse plugin\blank_proj -combined - copy - copy\common\release vc9\iprefix.obj
c:\users\kormakurbreki\documents\nvse plugin\blank_proj -combined - copy - copy\common\release vc9\idirectoryiterator.obj
c:\users\kormakurbreki\documents\nvse plugin\blank_proj -combined - copy - copy\common\release vc9\ipipeserver.obj
c:\users\kormakurbreki\documents\nvse plugin\blank_proj -combined - copy - copy\common\release vc9\ipipeclient.obj
c:\users\kormakurbreki\documents\nvse plugin\blank_proj -combined - copy - copy\common\release vc9\iobjectpool.obj
c:\users\kormakurbreki\documents\nvse plugin\blank_proj -combined - copy - copy\common\release vc9\imempool.obj
c:\users\kormakurbreki\documents\nvse plugin\blank_proj -combined - copy - copy\common\release vc9\itimer.obj
c:\users\kormakurbreki\documents\nvse plugin\blank_proj -combined - copy - copy\common\release vc9\common_vc9.pdb
c:\users\kormakurbreki\documents\nvse plugin\blank_proj -combined\common\release vc9\common_vc9.lib
c:\users\kormakurbreki\documents\nvse plugin\blank_proj -combined - copy - copy\common\release vc9\common_vc9.lib
c:\users\kormakurbreki\documents\nvse plugin\blank_proj -combined - copy - copy\common\release vc9\common_vc9.tlog\cl.command.1.tlog
c:\users\kormakurbreki\documents\nvse plugin\blank_proj -combined - copy - copy\common\release vc9\common_vc9.tlog\cl.read.1.tlog
c:\users\kormakurbreki\documents\nvse plugin\blank_proj -combined - copy - copy\common\release vc9\common_vc9.tlog\cl.write.1.tlog
c:\users\kormakurbreki\documents\nvse plugin\blank_proj -combined - copy - copy\common\release vc9\common_vc9.tlog\lib-link.read.1.tlog
c:\users\kormakurbreki\documents\nvse plugin\blank_proj -combined - copy - copy\common\release vc9\common_vc9.tlog\lib-link.write.1.tlog
c:\users\kormakurbreki\documents\nvse plugin\blank_proj -combined - copy - copy\common\release vc9\common_vc9.tlog\lib.command.1.tlog
