c:\users\kormakurbreki\documents\nvse plugin\blank_proj -combined\gary_plugin\release\vc120.pdb
c:\users\kormakurbreki\documents\nvse plugin\blank_proj -combined\gary_plugin\release\gameui.obj
c:\users\kormakurbreki\documents\nvse plugin\blank_proj -combined\gary_plugin\release\gametypes.obj
c:\users\kormakurbreki\documents\nvse plugin\blank_proj -combined\gary_plugin\release\gametiles.obj
c:\users\kormakurbreki\documents\nvse plugin\blank_proj -combined\gary_plugin\release\gametasks.obj
c:\users\kormakurbreki\documents\nvse plugin\blank_proj -combined\gary_plugin\release\gamesettings.obj
c:\users\kormakurbreki\documents\nvse plugin\blank_proj -combined\gary_plugin\release\gamescript.obj
c:\users\kormakurbreki\documents\nvse plugin\blank_proj -combined\gary_plugin\release\gamertti.obj
c:\users\kormakurbreki\documents\nvse plugin\blank_proj -combined\gary_plugin\release\gameprocess.obj
c:\users\kormakurbreki\documents\nvse plugin\blank_proj -combined\gary_plugin\release\gameosdepend.obj
c:\users\kormakurbreki\documents\nvse plugin\blank_proj -combined\gary_plugin\release\gameobjects.obj
c:\users\kormakurbreki\documents\nvse plugin\blank_proj -combined\gary_plugin\release\gameforms.obj
c:\users\kormakurbreki\documents\nvse plugin\blank_proj -combined\gary_plugin\release\gameextradata.obj
c:\users\kormakurbreki\documents\nvse plugin\blank_proj -combined\gary_plugin\release\gamedata.obj
c:\users\kormakurbreki\documents\nvse plugin\blank_proj -combined\gary_plugin\release\gamebsextradata.obj
c:\users\kormakurbreki\documents\nvse plugin\blank_proj -combined\gary_plugin\release\gameapi.obj
c:\users\kormakurbreki\documents\nvse plugin\blank_proj -combined\gary_plugin\release\functionscripts.obj
c:\users\kormakurbreki\documents\nvse plugin\blank_proj -combined\gary_plugin\release\eventmanager.obj
c:\users\kormakurbreki\documents\nvse plugin\blank_proj -combined\gary_plugin\release\core_serialization.obj
c:\users\kormakurbreki\documents\nvse plugin\blank_proj -combined\gary_plugin\release\commandtable.obj
c:\users\kormakurbreki\documents\nvse plugin\blank_proj -combined\gary_plugin\release\arrayvar.obj
c:\users\kormakurbreki\documents\nvse plugin\blank_proj -combined\gary_plugin\release\serialization.obj
c:\users\kormakurbreki\documents\nvse plugin\blank_proj -combined\gary_plugin\release\scriptutils.obj
c:\users\kormakurbreki\documents\nvse plugin\blank_proj -combined\gary_plugin\release\scripttokens.obj
c:\users\kormakurbreki\documents\nvse plugin\blank_proj -combined\gary_plugin\release\safewrite.obj
c:\users\kormakurbreki\documents\nvse plugin\blank_proj -combined\gary_plugin\release\pluginmanager.obj
c:\users\kormakurbreki\documents\nvse plugin\blank_proj -combined\gary_plugin\release\niobjects.obj
c:\users\kormakurbreki\documents\nvse plugin\blank_proj -combined\gary_plugin\release\ninodes.obj
c:\users\kormakurbreki\documents\nvse plugin\blank_proj -combined\gary_plugin\release\loops.obj
c:\users\kormakurbreki\documents\nvse plugin\blank_proj -combined\gary_plugin\release\inventoryreference.obj
c:\users\kormakurbreki\documents\nvse plugin\blank_proj -combined\gary_plugin\release\inventoryinfo.obj
c:\users\kormakurbreki\documents\nvse plugin\blank_proj -combined\gary_plugin\release\hooks_script.obj
c:\users\kormakurbreki\documents\nvse plugin\blank_proj -combined\gary_plugin\release\hooks_saveload.obj
c:\users\kormakurbreki\documents\nvse plugin\blank_proj -combined\gary_plugin\release\hooks_memory.obj
c:\users\kormakurbreki\documents\nvse plugin\blank_proj -combined\gary_plugin\release\hooks_logging.obj
c:\users\kormakurbreki\documents\nvse plugin\blank_proj -combined\gary_plugin\release\hooks_gameplay.obj
c:\users\kormakurbreki\documents\nvse plugin\blank_proj -combined\gary_plugin\release\hooks_editor.obj
c:\users\kormakurbreki\documents\nvse plugin\blank_proj -combined\gary_plugin\release\hooks_directinput8create.obj
c:\users\kormakurbreki\documents\nvse plugin\blank_proj -combined\gary_plugin\release\hooks_dialog.obj
c:\users\kormakurbreki\documents\nvse plugin\blank_proj -combined\gary_plugin\release\hooks_createdobject.obj
c:\users\kormakurbreki\documents\nvse plugin\blank_proj -combined\gary_plugin\release\hooks_animation.obj
c:\users\kormakurbreki\documents\nvse plugin\blank_proj -combined\gary_plugin\release\console_arrays.obj
c:\users\kormakurbreki\documents\nvse plugin\blank_proj -combined\gary_plugin\release\memscan.obj
c:\users\kormakurbreki\documents\nvse plugin\blank_proj -combined\gary_plugin\release\main.obj
c:\users\kormakurbreki\documents\nvse plugin\blank_proj -combined\gary_plugin\release\utility.obj
c:\users\kormakurbreki\documents\nvse plugin\blank_proj -combined\gary_plugin\release\md5.obj
c:\users\kormakurbreki\documents\nvse plugin\blank_proj -combined\gary_plugin\release\declarations.obj
c:\users\kormakurbreki\documents\nvse plugin\blank_proj -combined\gary_plugin\release\console_variables.obj
c:\users\kormakurbreki\documents\nvse plugin\blank_proj -combined\gary_plugin\release\command_printer.obj
c:\users\kormakurbreki\documents\nvse plugin\blank_proj -combined\gary_plugin\release\utilities.obj
c:\users\kormakurbreki\documents\nvse plugin\blank_proj -combined\gary_plugin\release\threadlocal.obj
c:\users\kormakurbreki\documents\nvse plugin\blank_proj -combined\gary_plugin\release\stringvar.obj
c:\users\kormakurbreki\documents\nvse plugin\blank_proj -combined\gary_plugin\release\dllmain.obj
c:\users\kormakurbreki\documents\nvse plugin\blank_proj -combined - copy - copy\gary_plugin\release\vc142.pdb
c:\users\kormakurbreki\documents\nvse plugin\blank_proj -combined - copy - copy\gary_plugin\release\gamertti.obj
c:\users\kormakurbreki\documents\nvse plugin\blank_proj -combined - copy - copy\gary_plugin\release\gameosdepend.obj
c:\users\kormakurbreki\documents\nvse plugin\blank_proj -combined - copy - copy\gary_plugin\release\safewrite.obj
c:\users\kormakurbreki\documents\nvse plugin\blank_proj -combined - copy - copy\gary_plugin\release\pluginmanager.obj
c:\users\kormakurbreki\documents\nvse plugin\blank_proj -combined - copy - copy\gary_plugin\release\hooks_directinput8create.obj
c:\users\kormakurbreki\documents\nvse plugin\blank_proj -combined - copy - copy\gary_plugin\release\md5.obj
c:\users\kormakurbreki\documents\nvse plugin\blank_proj -combined - copy - copy\gary_plugin\release\dinput.obj
c:\users\kormakurbreki\documents\nvse plugin\blank_proj -combined - copy - copy\gary_plugin\release\stringvar.obj
c:\users\kormakurbreki\documents\nvse plugin\blank_proj -combined - copy - copy\gary_plugin\release\gameui.obj
c:\users\kormakurbreki\documents\nvse plugin\blank_proj -combined - copy - copy\gary_plugin\release\gametypes.obj
c:\users\kormakurbreki\documents\nvse plugin\blank_proj -combined - copy - copy\gary_plugin\release\gametiles.obj
c:\users\kormakurbreki\documents\nvse plugin\blank_proj -combined - copy - copy\gary_plugin\release\gametasks.obj
c:\users\kormakurbreki\documents\nvse plugin\blank_proj -combined - copy - copy\gary_plugin\release\gamesettings.obj
c:\users\kormakurbreki\documents\nvse plugin\blank_proj -combined - copy - copy\gary_plugin\release\gamescript.obj
c:\users\kormakurbreki\documents\nvse plugin\blank_proj -combined - copy - copy\gary_plugin\release\gameprocess.obj
c:\users\kormakurbreki\documents\nvse plugin\blank_proj -combined - copy - copy\gary_plugin\release\gameobjects.obj
c:\users\kormakurbreki\documents\nvse plugin\blank_proj -combined - copy - copy\gary_plugin\release\gameforms.obj
c:\users\kormakurbreki\documents\nvse plugin\blank_proj -combined - copy - copy\gary_plugin\release\gameextradata.obj
c:\users\kormakurbreki\documents\nvse plugin\blank_proj -combined - copy - copy\gary_plugin\release\gamedata.obj
c:\users\kormakurbreki\documents\nvse plugin\blank_proj -combined - copy - copy\gary_plugin\release\gamebsextradata.obj
c:\users\kormakurbreki\documents\nvse plugin\blank_proj -combined - copy - copy\gary_plugin\release\gameapi.obj
c:\users\kormakurbreki\documents\nvse plugin\blank_proj -combined - copy - copy\gary_plugin\release\functionscripts.obj
c:\users\kormakurbreki\documents\nvse plugin\blank_proj -combined - copy - copy\gary_plugin\release\eventmanager.obj
c:\users\kormakurbreki\documents\nvse plugin\blank_proj -combined - copy - copy\gary_plugin\release\core_serialization.obj
c:\users\kormakurbreki\documents\nvse plugin\blank_proj -combined - copy - copy\gary_plugin\release\commandtable.obj
c:\users\kormakurbreki\documents\nvse plugin\blank_proj -combined - copy - copy\gary_plugin\release\arrayvar.obj
c:\users\kormakurbreki\documents\nvse plugin\blank_proj -combined - copy - copy\gary_plugin\release\serialization.obj
c:\users\kormakurbreki\documents\nvse plugin\blank_proj -combined - copy - copy\gary_plugin\release\scripttokens.obj
c:\users\kormakurbreki\documents\nvse plugin\blank_proj -combined - copy - copy\gary_plugin\release\niobjects.obj
c:\users\kormakurbreki\documents\nvse plugin\blank_proj -combined - copy - copy\gary_plugin\release\ninodes.obj
c:\users\kormakurbreki\documents\nvse plugin\blank_proj -combined - copy - copy\gary_plugin\release\loops.obj
c:\users\kormakurbreki\documents\nvse plugin\blank_proj -combined - copy - copy\gary_plugin\release\inventoryreference.obj
c:\users\kormakurbreki\documents\nvse plugin\blank_proj -combined - copy - copy\gary_plugin\release\inventoryinfo.obj
c:\users\kormakurbreki\documents\nvse plugin\blank_proj -combined - copy - copy\gary_plugin\release\hooks_script.obj
c:\users\kormakurbreki\documents\nvse plugin\blank_proj -combined - copy - copy\gary_plugin\release\hooks_saveload.obj
c:\users\kormakurbreki\documents\nvse plugin\blank_proj -combined - copy - copy\gary_plugin\release\hooks_memory.obj
c:\users\kormakurbreki\documents\nvse plugin\blank_proj -combined - copy - copy\gary_plugin\release\hooks_logging.obj
c:\users\kormakurbreki\documents\nvse plugin\blank_proj -combined - copy - copy\gary_plugin\release\hooks_gameplay.obj
c:\users\kormakurbreki\documents\nvse plugin\blank_proj -combined - copy - copy\gary_plugin\release\hooks_editor.obj
c:\users\kormakurbreki\documents\nvse plugin\blank_proj -combined - copy - copy\gary_plugin\release\hooks_dialog.obj
c:\users\kormakurbreki\documents\nvse plugin\blank_proj -combined - copy - copy\gary_plugin\release\hooks_createdobject.obj
c:\users\kormakurbreki\documents\nvse plugin\blank_proj -combined - copy - copy\gary_plugin\release\hooks_animation.obj
c:\users\kormakurbreki\documents\nvse plugin\blank_proj -combined - copy - copy\gary_plugin\release\main.obj
c:\users\kormakurbreki\documents\nvse plugin\blank_proj -combined - copy - copy\gary_plugin\release\utility.obj
c:\users\kormakurbreki\documents\nvse plugin\blank_proj -combined - copy - copy\gary_plugin\release\structs.obj
c:\users\kormakurbreki\documents\nvse plugin\blank_proj -combined - copy - copy\gary_plugin\release\declarations.obj
c:\users\kormakurbreki\documents\nvse plugin\blank_proj -combined - copy - copy\gary_plugin\release\console_variables.obj
c:\users\kormakurbreki\documents\nvse plugin\blank_proj -combined - copy - copy\gary_plugin\release\console_scroll.obj
c:\users\kormakurbreki\documents\nvse plugin\blank_proj -combined - copy - copy\gary_plugin\release\threadlocal.obj
c:\users\kormakurbreki\documents\nvse plugin\blank_proj -combined - copy - copy\gary_plugin\release\memscan.obj
c:\users\kormakurbreki\documents\nvse plugin\blank_proj -combined - copy - copy\gary_plugin\release\command_printer.obj
c:\users\kormakurbreki\documents\nvse plugin\blank_proj -combined - copy - copy\gary_plugin\release\scriptutils.obj
c:\users\kormakurbreki\documents\nvse plugin\blank_proj -combined - copy - copy\gary_plugin\release\utilities.obj
c:\users\kormakurbreki\documents\nvse plugin\blank_proj -combined - copy - copy\gary_plugin\release\console_arrays.obj
c:\users\kormakurbreki\documents\nvse plugin\blank_proj -combined - copy - copy\gary_plugin\release\dllmain.obj
c:\users\kormakurbreki\documents\nvse plugin\blank_proj -combined\gary_plugin\release\gary_plugin.lib
c:\users\kormakurbreki\documents\nvse plugin\blank_proj -combined\gary_plugin\release\gary_plugin.exp
c:\users\kormakurbreki\documents\nvse plugin\blank_proj -combined\gary_plugin\release\gary_plugin.dll
c:\users\kormakurbreki\documents\nvse plugin\blank_proj -combined\gary_plugin\release\gary_plugin.pdb
c:\users\kormakurbreki\documents\nvse plugin\blank_proj -combined\gary_plugin\release\nvse_version.res
c:\users\kormakurbreki\documents\nvse plugin\blank_proj -combined - copy - copy\gary_plugin\release\nvse_version.res
c:\users\kormakurbreki\documents\nvse plugin\blank_proj -combined - copy - copy\gary_plugin\release\gary_plugin.exp
c:\users\kormakurbreki\documents\nvse plugin\blank_proj -combined - copy - copy\gary_plugin\release\gary_plugin.pdb
c:\users\kormakurbreki\documents\nvse plugin\blank_proj -combined - copy - copy\gary_plugin\release\vc120.pdb
c:\users\kormakurbreki\documents\nvse plugin\blank_proj -combined - copy - copy\gary_plugin\release\gary_plugin.tlog\cl.command.1.tlog
c:\users\kormakurbreki\documents\nvse plugin\blank_proj -combined - copy - copy\gary_plugin\release\gary_plugin.tlog\cl.read.1.tlog
c:\users\kormakurbreki\documents\nvse plugin\blank_proj -combined - copy - copy\gary_plugin\release\gary_plugin.tlog\cl.write.1.tlog
c:\users\kormakurbreki\documents\nvse plugin\blank_proj -combined - copy - copy\gary_plugin\release\gary_plugin.tlog\gary_plugin.write.1u.tlog
c:\users\kormakurbreki\documents\nvse plugin\blank_proj -combined - copy - copy\gary_plugin\release\gary_plugin.tlog\link.command.1.tlog
c:\users\kormakurbreki\documents\nvse plugin\blank_proj -combined - copy - copy\gary_plugin\release\gary_plugin.tlog\link.delete.1.tlog
c:\users\kormakurbreki\documents\nvse plugin\blank_proj -combined - copy - copy\gary_plugin\release\gary_plugin.tlog\link.read.1.tlog
c:\users\kormakurbreki\documents\nvse plugin\blank_proj -combined - copy - copy\gary_plugin\release\gary_plugin.tlog\link.write.1.tlog
c:\users\kormakurbreki\documents\nvse plugin\blank_proj -combined - copy - copy\gary_plugin\release\gary_plugin.tlog\rc.command.1.tlog
c:\users\kormakurbreki\documents\nvse plugin\blank_proj -combined - copy - copy\gary_plugin\release\gary_plugin.tlog\rc.read.1.tlog
c:\users\kormakurbreki\documents\nvse plugin\blank_proj -combined - copy - copy\gary_plugin\release\gary_plugin.tlog\rc.write.1.tlog
